<?xml version="1.0" encoding="UTF-8"?>
<coverage generated="1720457507897" clover="3.2.0">
  <project timestamp="1720457507897" name="All files">
    <metrics statements="56" coveredstatements="55" conditionals="18" coveredconditionals="18" methods="11" coveredmethods="11" elements="85" coveredelements="84" complexity="0" loc="56" ncloc="56" packages="2" files="2" classes="2"/>
    <package name="components">
      <metrics statements="42" coveredstatements="41" conditionals="11" coveredconditionals="11" methods="8" coveredmethods="8"/>
      <file name="Rover.ts" path="/Users/hamza/Desktop/Mars Rover/src/components/Rover.ts">
        <metrics statements="42" coveredstatements="41" conditionals="11" coveredconditionals="11" methods="8" coveredmethods="8"/>
        <line num="1" count="1" type="stmt"/>
        <line num="6" count="1" type="stmt"/>
        <line num="18" count="11" type="stmt"/>
        <line num="19" count="11" type="stmt"/>
        <line num="20" count="11" type="stmt"/>
        <line num="26" count="1" type="stmt"/>
        <line num="27" count="21" type="stmt"/>
        <line num="28" count="21" type="stmt"/>
        <line num="29" count="21" type="stmt"/>
        <line num="35" count="1" type="stmt"/>
        <line num="36" count="11" type="stmt"/>
        <line num="37" count="11" type="stmt"/>
        <line num="38" count="11" type="stmt"/>
        <line num="44" count="1" type="stmt"/>
        <line num="45" count="32" type="cond" truecount="4" falsecount="0"/>
        <line num="46" count="8" type="stmt"/>
        <line num="47" count="10" type="stmt"/>
        <line num="48" count="8" type="stmt"/>
        <line num="49" count="6" type="stmt"/>
        <line num="58" count="1" type="stmt"/>
        <line num="59" count="53" type="stmt"/>
        <line num="60" count="53" type="cond" truecount="4" falsecount="0"/>
        <line num="61" count="16" type="stmt"/>
        <line num="62" count="6" type="stmt"/>
        <line num="63" count="29" type="stmt"/>
        <line num="64" count="2" type="stmt"/>
        <line num="73" count="1" type="stmt"/>
        <line num="74" count="16" type="stmt"/>
        <line num="76" count="1" type="stmt"/>
        <line num="85" count="4" type="stmt"/>
        <line num="87" count="4" type="cond" truecount="3" falsecount="0"/>
        <line num="88" count="1" type="stmt"/>
        <line num="91" count="3" type="stmt"/>
        <line num="94" count="3" type="stmt"/>
        <line num="97" count="2" type="stmt"/>
        <line num="98" count="4" type="stmt"/>
        <line num="99" count="3" type="stmt"/>
        <line num="101" count="3" type="stmt"/>
        <line num="102" count="3" type="stmt"/>
        <line num="103" count="2" type="stmt"/>
        <line num="106" count="0" type="stmt"/>
        <line num="109" count="1" type="stmt"/>
      </file>
    </package>
    <package name="helpers">
      <metrics statements="14" coveredstatements="14" conditionals="7" coveredconditionals="7" methods="3" coveredmethods="3"/>
      <file name="helpers.ts" path="/Users/hamza/Desktop/Mars Rover/src/helpers/helpers.ts">
        <metrics statements="14" coveredstatements="14" conditionals="7" coveredconditionals="7" methods="3" coveredmethods="3"/>
        <line num="7" count="2" type="stmt"/>
        <line num="8" count="8" type="stmt"/>
        <line num="10" count="8" type="cond" truecount="3" falsecount="0"/>
        <line num="11" count="5" type="stmt"/>
        <line num="14" count="3" type="stmt"/>
        <line num="23" count="2" type="stmt"/>
        <line num="24" count="4" type="stmt"/>
        <line num="25" count="4" type="stmt"/>
        <line num="26" count="4" type="stmt"/>
        <line num="28" count="4" type="cond" truecount="4" falsecount="0"/>
        <line num="29" count="1" type="stmt"/>
        <line num="32" count="3" type="stmt"/>
        <line num="40" count="2" type="stmt"/>
        <line num="41" count="5" type="stmt"/>
      </file>
    </package>
  </project>
</coverage>
