{"/Users/hamza/Desktop/Mars Rover/src/components/Rover.ts": {"path":"/Users/hamza/Desktop/Mars Rover/src/components/Rover.ts","statementMap":{"0":{"start":{"line":1,"column":0},"end":{"line":1,"column":94}},"1":{"start":{"line":6,"column":0},"end":{"line":6,"column":null}},"2":{"start":{"line":18,"column":4},"end":{"line":18,"column":null}},"3":{"start":{"line":19,"column":4},"end":{"line":19,"column":null}},"4":{"start":{"line":20,"column":4},"end":{"line":20,"column":null}},"5":{"start":{"line":26,"column":2},"end":{"line":30,"column":null}},"6":{"start":{"line":27,"column":23},"end":{"line":27,"column":43}},"7":{"start":{"line":28,"column":16},"end":{"line":28,"column":50}},"8":{"start":{"line":29,"column":4},"end":{"line":29,"column":null}},"9":{"start":{"line":35,"column":2},"end":{"line":39,"column":null}},"10":{"start":{"line":36,"column":23},"end":{"line":36,"column":43}},"11":{"start":{"line":37,"column":16},"end":{"line":37,"column":50}},"12":{"start":{"line":38,"column":4},"end":{"line":38,"column":null}},"13":{"start":{"line":44,"column":2},"end":{"line":51,"column":null}},"14":{"start":{"line":45,"column":4},"end":{"line":50,"column":5}},"15":{"start":{"line":46,"column":16},"end":{"line":46,"column":28}},"16":{"start":{"line":46,"column":29},"end":{"line":46,"column":34}},"17":{"start":{"line":47,"column":16},"end":{"line":47,"column":28}},"18":{"start":{"line":47,"column":29},"end":{"line":47,"column":34}},"19":{"start":{"line":48,"column":16},"end":{"line":48,"column":28}},"20":{"start":{"line":48,"column":29},"end":{"line":48,"column":34}},"21":{"start":{"line":49,"column":16},"end":{"line":49,"column":28}},"22":{"start":{"line":49,"column":29},"end":{"line":49,"column":34}},"23":{"start":{"line":58,"column":2},"end":{"line":67,"column":null}},"24":{"start":{"line":59,"column":4},"end":{"line":66,"column":5}},"25":{"start":{"line":59,"column":24},"end":{"line":59,"column":32}},"26":{"start":{"line":59,"column":20},"end":{"line":59,"column":24}},"27":{"start":{"line":60,"column":6},"end":{"line":65,"column":7}},"28":{"start":{"line":61,"column":18},"end":{"line":61,"column":34}},"29":{"start":{"line":61,"column":35},"end":{"line":61,"column":40}},"30":{"start":{"line":62,"column":18},"end":{"line":62,"column":35}},"31":{"start":{"line":62,"column":36},"end":{"line":62,"column":41}},"32":{"start":{"line":63,"column":18},"end":{"line":63,"column":30}},"33":{"start":{"line":63,"column":31},"end":{"line":63,"column":36}},"34":{"start":{"line":64,"column":17},"end":{"line":64,"column":null}},"35":{"start":{"line":73,"column":2},"end":{"line":75,"column":null}},"36":{"start":{"line":74,"column":4},"end":{"line":74,"column":null}},"37":{"start":{"line":76,"column":0},"end":{"line":76,"column":null}},"38":{"start":{"line":109,"column":9},"end":{"line":109,"column":14}},"39":{"start":{"line":85,"column":16},"end":{"line":85,"column":40}},"40":{"start":{"line":87,"column":2},"end":{"line":89,"column":3}},"41":{"start":{"line":88,"column":4},"end":{"line":88,"column":null}},"42":{"start":{"line":91,"column":17},"end":{"line":91,"column":19}},"43":{"start":{"line":94,"column":23},"end":{"line":94,"column":55}},"44":{"start":{"line":94,"column":13},"end":{"line":94,"column":15}},"45":{"start":{"line":94,"column":19},"end":{"line":94,"column":23}},"46":{"start":{"line":97,"column":2},"end":{"line":104,"column":3}},"47":{"start":{"line":97,"column":15},"end":{"line":97,"column":16}},"48":{"start":{"line":98,"column":30},"end":{"line":98,"column":58}},"49":{"start":{"line":98,"column":12},"end":{"line":98,"column":14}},"50":{"start":{"line":98,"column":15},"end":{"line":98,"column":17}},"51":{"start":{"line":98,"column":26},"end":{"line":98,"column":30}},"52":{"start":{"line":99,"column":21},"end":{"line":99,"column":48}},"53":{"start":{"line":101,"column":18},"end":{"line":101,"column":44}},"54":{"start":{"line":102,"column":4},"end":{"line":102,"column":null}},"55":{"start":{"line":103,"column":4},"end":{"line":103,"column":null}},"56":{"start":{"line":106,"column":2},"end":{"line":106,"column":null}},"57":{"start":{"line":109,"column":16},"end":{"line":109,"column":25}}},"fnMap":{"0":{"name":"(anonymous_0)","decl":{"start":{"line":6,"column":0},"end":{"line":6,"column":null}},"loc":{"start":{"line":6,"column":0},"end":{"line":76,"column":null}}},"1":{"name":"Rover","decl":{"start":{"line":17,"column":2},"end":{"line":17,"column":14}},"loc":{"start":{"line":17,"column":53},"end":{"line":21,"column":3}}},"2":{"name":"(anonymous_2)","decl":{"start":{"line":26,"column":2},"end":{"line":26,"column":10}},"loc":{"start":{"line":26,"column":2},"end":{"line":30,"column":3}}},"3":{"name":"(anonymous_3)","decl":{"start":{"line":35,"column":2},"end":{"line":35,"column":11}},"loc":{"start":{"line":35,"column":2},"end":{"line":39,"column":3}}},"4":{"name":"(anonymous_4)","decl":{"start":{"line":44,"column":2},"end":{"line":44,"column":6}},"loc":{"start":{"line":44,"column":2},"end":{"line":51,"column":3}}},"5":{"name":"(anonymous_5)","decl":{"start":{"line":58,"column":2},"end":{"line":58,"column":17}},"loc":{"start":{"line":58,"column":34},"end":{"line":67,"column":3}}},"6":{"name":"(anonymous_6)","decl":{"start":{"line":73,"column":2},"end":{"line":73,"column":13}},"loc":{"start":{"line":73,"column":2},"end":{"line":75,"column":3}}},"7":{"name":"moveRover","decl":{"start":{"line":84,"column":9},"end":{"line":84,"column":18}},"loc":{"start":{"line":84,"column":32},"end":{"line":107,"column":1}}}},"branchMap":{"0":{"loc":{"start":{"line":45,"column":4},"end":{"line":50,"column":5}},"type":"switch","locations":[{"start":{"line":46,"column":6},"end":{"line":46,"column":34}},{"start":{"line":47,"column":6},"end":{"line":47,"column":34}},{"start":{"line":48,"column":6},"end":{"line":48,"column":34}},{"start":{"line":49,"column":6},"end":{"line":49,"column":34}}]},"1":{"loc":{"start":{"line":60,"column":6},"end":{"line":65,"column":7}},"type":"switch","locations":[{"start":{"line":61,"column":8},"end":{"line":61,"column":40}},{"start":{"line":62,"column":8},"end":{"line":62,"column":41}},{"start":{"line":63,"column":8},"end":{"line":63,"column":36}},{"start":{"line":64,"column":8},"end":{"line":64,"column":null}}]},"2":{"loc":{"start":{"line":87,"column":2},"end":{"line":89,"column":3}},"type":"if","locations":[{"start":{"line":87,"column":2},"end":{"line":89,"column":3}}]},"3":{"loc":{"start":{"line":87,"column":6},"end":{"line":87,"column":48}},"type":"binary-expr","locations":[{"start":{"line":87,"column":6},"end":{"line":87,"column":22}},{"start":{"line":87,"column":26},"end":{"line":87,"column":48}}]}},"s":{"0":1,"1":1,"2":11,"3":11,"4":11,"5":1,"6":21,"7":21,"8":21,"9":1,"10":11,"11":11,"12":11,"13":1,"14":32,"15":8,"16":8,"17":10,"18":10,"19":8,"20":8,"21":6,"22":6,"23":1,"24":6,"25":12,"26":53,"27":53,"28":16,"29":16,"30":6,"31":6,"32":29,"33":29,"34":2,"35":1,"36":16,"37":1,"38":1,"39":4,"40":4,"41":1,"42":3,"43":3,"44":2,"45":2,"46":2,"47":2,"48":4,"49":3,"50":3,"51":3,"52":3,"53":3,"54":3,"55":2,"56":0,"57":1},"f":{"0":1,"1":11,"2":21,"3":11,"4":32,"5":6,"6":16,"7":4},"b":{"0":[8,10,8,6],"1":[16,6,29,2],"2":[1],"3":[4,4]}}
,"/Users/hamza/Desktop/Mars Rover/src/helpers/helpers.ts": {"path":"/Users/hamza/Desktop/Mars Rover/src/helpers/helpers.ts","statementMap":{"0":{"start":{"line":8,"column":21},"end":{"line":8,"column":55}},"1":{"start":{"line":10,"column":2},"end":{"line":12,"column":3}},"2":{"start":{"line":11,"column":4},"end":{"line":11,"column":50}},"3":{"start":{"line":14,"column":2},"end":{"line":14,"column":20}},"4":{"start":{"line":7,"column":0},"end":{"line":7,"column":16}},"5":{"start":{"line":24,"column":28},"end":{"line":24,"column":50}},"6":{"start":{"line":24,"column":10},"end":{"line":24,"column":12}},"7":{"start":{"line":24,"column":13},"end":{"line":24,"column":15}},"8":{"start":{"line":24,"column":24},"end":{"line":24,"column":28}},"9":{"start":{"line":25,"column":18},"end":{"line":25,"column":29}},"10":{"start":{"line":26,"column":18},"end":{"line":26,"column":29}},"11":{"start":{"line":28,"column":2},"end":{"line":30,"column":3}},"12":{"start":{"line":29,"column":4},"end":{"line":29,"column":46}},"13":{"start":{"line":32,"column":2},"end":{"line":32,"column":39}},"14":{"start":{"line":23,"column":0},"end":{"line":23,"column":16}},"15":{"start":{"line":41,"column":2},"end":{"line":41,"column":21}},"16":{"start":{"line":40,"column":0},"end":{"line":40,"column":16}}},"fnMap":{"0":{"name":"parsePlateauDimensions","decl":{"start":{"line":7,"column":16},"end":{"line":7,"column":38}},"loc":{"start":{"line":7,"column":51},"end":{"line":15,"column":1}}},"1":{"name":"parseRoverPosition","decl":{"start":{"line":23,"column":16},"end":{"line":23,"column":34}},"loc":{"start":{"line":23,"column":47},"end":{"line":33,"column":1}}},"2":{"name":"parseCommands","decl":{"start":{"line":40,"column":16},"end":{"line":40,"column":29}},"loc":{"start":{"line":40,"column":42},"end":{"line":42,"column":1}}}},"branchMap":{"0":{"loc":{"start":{"line":10,"column":2},"end":{"line":12,"column":3}},"type":"if","locations":[{"start":{"line":10,"column":2},"end":{"line":12,"column":3}}]},"1":{"loc":{"start":{"line":10,"column":6},"end":{"line":10,"column":55}},"type":"binary-expr","locations":[{"start":{"line":10,"column":6},"end":{"line":10,"column":29}},{"start":{"line":10,"column":33},"end":{"line":10,"column":55}}]},"2":{"loc":{"start":{"line":28,"column":2},"end":{"line":30,"column":3}},"type":"if","locations":[{"start":{"line":28,"column":2},"end":{"line":30,"column":3}}]},"3":{"loc":{"start":{"line":28,"column":6},"end":{"line":28,"column":83}},"type":"binary-expr","locations":[{"start":{"line":28,"column":6},"end":{"line":28,"column":20}},{"start":{"line":28,"column":24},"end":{"line":28,"column":38}},{"start":{"line":28,"column":42},"end":{"line":28,"column":83}}]}},"s":{"0":8,"1":8,"2":5,"3":3,"4":2,"5":4,"6":4,"7":4,"8":4,"9":4,"10":4,"11":4,"12":1,"13":3,"14":2,"15":5,"16":2},"f":{"0":8,"1":4,"2":5},"b":{"0":[5],"1":[8,6],"2":[1],"3":[4,3,3]}}
}
