TN:
SF:src/components/Rover.ts
FN:6,(anonymous_0)
FN:17,Rover
FN:26,(anonymous_2)
FN:35,(anonymous_3)
FN:44,(anonymous_4)
FN:58,(anonymous_5)
FN:73,(anonymous_6)
FN:84,moveRover
FNF:8
FNH:8
FNDA:1,(anonymous_0)
FNDA:11,Rover
FNDA:21,(anonymous_2)
FNDA:11,(anonymous_3)
FNDA:32,(anonymous_4)
FNDA:6,(anonymous_5)
FNDA:16,(anonymous_6)
FNDA:4,moveRover
DA:1,1
DA:6,1
DA:18,11
DA:19,11
DA:20,11
DA:26,1
DA:27,21
DA:28,21
DA:29,21
DA:35,1
DA:36,11
DA:37,11
DA:38,11
DA:44,1
DA:45,32
DA:46,8
DA:47,10
DA:48,8
DA:49,6
DA:58,1
DA:59,53
DA:60,53
DA:61,16
DA:62,6
DA:63,29
DA:64,2
DA:73,1
DA:74,16
DA:76,1
DA:85,4
DA:87,4
DA:88,1
DA:91,3
DA:94,3
DA:97,2
DA:98,4
DA:99,3
DA:101,3
DA:102,3
DA:103,2
DA:106,0
DA:109,1
LF:42
LH:41
BRDA:45,0,0,8
BRDA:45,0,1,10
BRDA:45,0,2,8
BRDA:45,0,3,6
BRDA:60,1,0,16
BRDA:60,1,1,6
BRDA:60,1,2,29
BRDA:60,1,3,2
BRDA:87,2,0,1
BRDA:87,3,0,4
BRDA:87,3,1,4
BRF:11
BRH:11
end_of_record
TN:
SF:src/helpers/helpers.ts
FN:7,parsePlateauDimensions
FN:23,parseRoverPosition
FN:40,parseCommands
FNF:3
FNH:3
FNDA:8,parsePlateauDimensions
FNDA:4,parseRoverPosition
FNDA:5,parseCommands
DA:7,2
DA:8,8
DA:10,8
DA:11,5
DA:14,3
DA:23,2
DA:24,4
DA:25,4
DA:26,4
DA:28,4
DA:29,1
DA:32,3
DA:40,2
DA:41,5
LF:14
LH:14
BRDA:10,0,0,5
BRDA:10,1,0,8
BRDA:10,1,1,6
BRDA:28,2,0,1
BRDA:28,3,0,4
BRDA:28,3,1,3
BRDA:28,3,2,3
BRF:7
BRH:7
end_of_record
